<?xml version="1.0" encoding="UTF-8"?>
<testsuites>
  <testsuite name="/home/marcello/Programing/recruitment-task-apilo/phpunit.xml.dist" tests="2" assertions="3" errors="0" failures="0" skipped="0" time="0.009030">
    <testsuite name="Unit Tests" tests="2" assertions="3" errors="0" failures="0" skipped="0" time="0.009030">
      <testsuite name="App\Tests\Inpost\ClientTest" file="/home/marcello/Programing/recruitment-task-apilo/tests/Inpost/ClientTest.php" tests="2" assertions="3" errors="0" failures="0" skipped="0" time="0.009030">
        <testcase name="testGetInpostDataBodySuccess" file="/home/marcello/Programing/recruitment-task-apilo/tests/Inpost/ClientTest.php" line="35" class="App\Tests\Inpost\ClientTest" classname="App.Tests.Inpost.ClientTest" assertions="1" time="0.007557"/>
        <testcase name="testGetInpostDataBodyFailure" file="/home/marcello/Programing/recruitment-task-apilo/tests/Inpost/ClientTest.php" line="50" class="App\Tests\Inpost\ClientTest" classname="App.Tests.Inpost.ClientTest" assertions="2" time="0.001473"/>
      </testsuite>
    </testsuite>
  </testsuite>
</testsuites>
